<?xml version="1.0" encoding="UTF-8"?>
<!-- Generated by org.testng.reporters.JUnitXMLReporter -->
<testsuite ignored="0" hostname="MSI" failures="0" tests="30" name="Default test" time="4.984" errors="0" timestamp="2025-08-13T14:41:36 IST">
  <testcase classname="apitestingsuite.ProductAPITesting" name="addProduct" time="0.18"/>
  <testcase classname="apitestingsuite.ProductAPITesting" name="addProduct" time="0.153"/>
  <testcase classname="apitestingsuite.ProductAPITesting" name="addProduct" time="0.16"/>
  <testcase classname="apitestingsuite.ProductAPITesting" name="addProduct" time="0.146"/>
  <testcase classname="apitestingsuite.ProductAPITesting" name="addProduct" time="0.151"/>
  <testcase classname="apitestingsuite.ProductAPITesting" name="deleteProdcutbyId" time="0.161"/>
  <testcase classname="apitestingsuite.ProductAPITesting" name="deleteProdcutbyId" time="0.153"/>
  <testcase classname="apitestingsuite.ProductAPITesting" name="deleteProdcutbyId" time="0.149"/>
  <testcase classname="apitestingsuite.ProductAPITesting" name="deleteProdcutbyId" time="0.159"/>
  <testcase classname="apitestingsuite.ProductAPITesting" name="deleteProdcutbyId" time="0.157"/>
  <testcase classname="apitestingsuite.ProductAPITesting" name="updateProduct" time="0.149"/>
  <testcase classname="apitestingsuite.ProductAPITesting" name="updateProduct" time="0.143"/>
  <testcase classname="apitestingsuite.ProductAPITesting" name="updateProduct" time="0.164"/>
  <testcase classname="apitestingsuite.ProductAPITesting" name="updateProduct" time="0.162"/>
  <testcase classname="apitestingsuite.ProductAPITesting" name="updateProduct" time="0.147"/>
  <testcase classname="apitestingsuite.ProductAPITesting" name="viewAllProducts" time="0.148"/>
  <testcase classname="apitestingsuite.ProductAPITesting" name="viewAllProducts" time="0.146"/>
  <testcase classname="apitestingsuite.ProductAPITesting" name="viewAllProducts" time="0.152"/>
  <testcase classname="apitestingsuite.ProductAPITesting" name="viewAllProducts" time="0.142"/>
  <testcase classname="apitestingsuite.ProductAPITesting" name="viewAllProducts" time="0.159"/>
  <testcase classname="apitestingsuite.ProductAPITesting" name="viewProductbyId" time="0.154"/>
  <testcase classname="apitestingsuite.ProductAPITesting" name="viewProductbyId" time="0.163"/>
  <testcase classname="apitestingsuite.ProductAPITesting" name="viewProductbyId" time="0.158"/>
  <testcase classname="apitestingsuite.ProductAPITesting" name="viewProductbyId" time="0.135"/>
  <testcase classname="apitestingsuite.ProductAPITesting" name="viewProductbyId" time="0.165"/>
  <testcase classname="apitestingsuite.ProductAPITesting" name="viewProductbyName" time="0.154"/>
  <testcase classname="apitestingsuite.ProductAPITesting" name="viewProductbyName" time="0.142"/>
  <testcase classname="apitestingsuite.ProductAPITesting" name="viewProductbyName" time="0.161"/>
  <testcase classname="apitestingsuite.ProductAPITesting" name="viewProductbyName" time="0.163"/>
  <testcase classname="apitestingsuite.ProductAPITesting" name="viewProductbyName" time="0.156"/>
</testsuite> <!-- Default test -->
