<?xml version="1.0" encoding="UTF-8"?>
<!-- Generated by org.testng.reporters.JUnitXMLReporter -->
<testsuite ignored="0" hostname="MSI" failures="0" tests="30" name="APITesting" time="4.561" errors="0" timestamp="2025-08-13T09:33:57 IST">
  <testcase classname="apitestingsuite.ProductAPITesting" name="addProduct" time="0.166"/>
  <testcase classname="apitestingsuite.ProductAPITesting" name="addProduct" time="0.127"/>
  <testcase classname="apitestingsuite.ProductAPITesting" name="addProduct" time="0.146"/>
  <testcase classname="apitestingsuite.ProductAPITesting" name="addProduct" time="0.144"/>
  <testcase classname="apitestingsuite.ProductAPITesting" name="addProduct" time="0.143"/>
  <testcase classname="apitestingsuite.ProductAPITesting" name="deleteProdcutbyId" time="0.147"/>
  <testcase classname="apitestingsuite.ProductAPITesting" name="deleteProdcutbyId" time="0.13"/>
  <testcase classname="apitestingsuite.ProductAPITesting" name="deleteProdcutbyId" time="0.131"/>
  <testcase classname="apitestingsuite.ProductAPITesting" name="deleteProdcutbyId" time="0.142"/>
  <testcase classname="apitestingsuite.ProductAPITesting" name="deleteProdcutbyId" time="0.147"/>
  <testcase classname="apitestingsuite.ProductAPITesting" name="updateProduct" time="0.136"/>
  <testcase classname="apitestingsuite.ProductAPITesting" name="updateProduct" time="0.166"/>
  <testcase classname="apitestingsuite.ProductAPITesting" name="updateProduct" time="0.136"/>
  <testcase classname="apitestingsuite.ProductAPITesting" name="updateProduct" time="0.142"/>
  <testcase classname="apitestingsuite.ProductAPITesting" name="updateProduct" time="0.139"/>
  <testcase classname="apitestingsuite.ProductAPITesting" name="viewAllProducts" time="0.14"/>
  <testcase classname="apitestingsuite.ProductAPITesting" name="viewAllProducts" time="0.137"/>
  <testcase classname="apitestingsuite.ProductAPITesting" name="viewAllProducts" time="0.142"/>
  <testcase classname="apitestingsuite.ProductAPITesting" name="viewAllProducts" time="0.143"/>
  <testcase classname="apitestingsuite.ProductAPITesting" name="viewAllProducts" time="0.143"/>
  <testcase classname="apitestingsuite.ProductAPITesting" name="viewProductbyId" time="0.148"/>
  <testcase classname="apitestingsuite.ProductAPITesting" name="viewProductbyId" time="0.162"/>
  <testcase classname="apitestingsuite.ProductAPITesting" name="viewProductbyId" time="0.142"/>
  <testcase classname="apitestingsuite.ProductAPITesting" name="viewProductbyId" time="0.134"/>
  <testcase classname="apitestingsuite.ProductAPITesting" name="viewProductbyId" time="0.134"/>
  <testcase classname="apitestingsuite.ProductAPITesting" name="viewProductbyName" time="0.143"/>
  <testcase classname="apitestingsuite.ProductAPITesting" name="viewProductbyName" time="0.144"/>
  <testcase classname="apitestingsuite.ProductAPITesting" name="viewProductbyName" time="0.146"/>
  <testcase classname="apitestingsuite.ProductAPITesting" name="viewProductbyName" time="0.144"/>
  <testcase classname="apitestingsuite.ProductAPITesting" name="viewProductbyName" time="0.141"/>
</testsuite> <!-- APITesting -->
