<?xml version="1.0" encoding="UTF-8"?>
<testng-results ignored="0" total="30" passed="30" failed="0" skipped="0">
  <reporter-output>
  </reporter-output>
  <suite started-at="2025-08-27T15:53:23 IST" name="Surefire suite" finished-at="2025-08-27T15:53:28 IST" duration-ms="5011">
    <groups>
    </groups>
    <test started-at="2025-08-27T15:53:23 IST" name="Surefire test" finished-at="2025-08-27T15:53:28 IST" duration-ms="5011">
      <class name="apitestingsuite.ProductAPITesting">
        <test-method is-config="true" signature="setupReport()[pri:0, instance:apitestingsuite.ProductAPITesting@717d7587]" started-at="2025-08-27T15:53:23 IST" name="setupReport" finished-at="2025-08-27T15:53:23 IST" duration-ms="108" status="PASS">
          <reporter-output>
          </reporter-output>
        </test-method> <!-- setupReport -->
        <test-method signature="addProduct(org.json.JSONObject)[pri:0, instance:apitestingsuite.ProductAPITesting@717d7587]" started-at="2025-08-27T15:53:23 IST" name="addProduct" data-provider="testData" finished-at="2025-08-27T15:53:23 IST" duration-ms="208" status="PASS">
          <params>
            <param index="0">
              <value>
                <![CDATA[{"amount":15000,"name":"Mobile","id":1}]]>
              </value>
            </param>
          </params>
          <reporter-output>
          </reporter-output>
        </test-method> <!-- addProduct -->
        <test-method signature="addProduct(org.json.JSONObject)[pri:0, instance:apitestingsuite.ProductAPITesting@717d7587]" started-at="2025-08-27T15:53:23 IST" name="addProduct" data-provider="testData" finished-at="2025-08-27T15:53:24 IST" duration-ms="160" status="PASS">
          <params>
            <param index="0">
              <value>
                <![CDATA[{"amount":60000,"name":"Laptop","id":2}]]>
              </value>
            </param>
          </params>
          <reporter-output>
          </reporter-output>
        </test-method> <!-- addProduct -->
        <test-method signature="addProduct(org.json.JSONObject)[pri:0, instance:apitestingsuite.ProductAPITesting@717d7587]" started-at="2025-08-27T15:53:24 IST" name="addProduct" data-provider="testData" finished-at="2025-08-27T15:53:24 IST" duration-ms="150" status="PASS">
          <params>
            <param index="0">
              <value>
                <![CDATA[{"amount":40000,"name":"SmartTv","id":3}]]>
              </value>
            </param>
          </params>
          <reporter-output>
          </reporter-output>
        </test-method> <!-- addProduct -->
        <test-method signature="addProduct(org.json.JSONObject)[pri:0, instance:apitestingsuite.ProductAPITesting@717d7587]" started-at="2025-08-27T15:53:24 IST" name="addProduct" data-provider="testData" finished-at="2025-08-27T15:53:24 IST" duration-ms="154" status="PASS">
          <params>
            <param index="0">
              <value>
                <![CDATA[{"amount":45000,"name":"TV","id":4}]]>
              </value>
            </param>
          </params>
          <reporter-output>
          </reporter-output>
        </test-method> <!-- addProduct -->
        <test-method signature="addProduct(org.json.JSONObject)[pri:0, instance:apitestingsuite.ProductAPITesting@717d7587]" started-at="2025-08-27T15:53:24 IST" name="addProduct" data-provider="testData" finished-at="2025-08-27T15:53:24 IST" duration-ms="154" status="PASS">
          <params>
            <param index="0">
              <value>
                <![CDATA[{"amount":3500,"name":"Headphone","id":5}]]>
              </value>
            </param>
          </params>
          <reporter-output>
          </reporter-output>
        </test-method> <!-- addProduct -->
        <test-method signature="deleteProdcutbyId(org.json.JSONObject)[pri:0, instance:apitestingsuite.ProductAPITesting@717d7587]" started-at="2025-08-27T15:53:24 IST" name="deleteProdcutbyId" data-provider="testData" finished-at="2025-08-27T15:53:24 IST" duration-ms="154" status="PASS">
          <params>
            <param index="0">
              <value>
                <![CDATA[{"amount":15000,"name":"Mobile","id":1}]]>
              </value>
            </param>
          </params>
          <reporter-output>
          </reporter-output>
        </test-method> <!-- deleteProdcutbyId -->
        <test-method signature="deleteProdcutbyId(org.json.JSONObject)[pri:0, instance:apitestingsuite.ProductAPITesting@717d7587]" started-at="2025-08-27T15:53:24 IST" name="deleteProdcutbyId" data-provider="testData" finished-at="2025-08-27T15:53:24 IST" duration-ms="167" status="PASS">
          <params>
            <param index="0">
              <value>
                <![CDATA[{"amount":60000,"name":"Laptop","id":2}]]>
              </value>
            </param>
          </params>
          <reporter-output>
          </reporter-output>
        </test-method> <!-- deleteProdcutbyId -->
        <test-method signature="deleteProdcutbyId(org.json.JSONObject)[pri:0, instance:apitestingsuite.ProductAPITesting@717d7587]" started-at="2025-08-27T15:53:24 IST" name="deleteProdcutbyId" data-provider="testData" finished-at="2025-08-27T15:53:25 IST" duration-ms="161" status="PASS">
          <params>
            <param index="0">
              <value>
                <![CDATA[{"amount":40000,"name":"SmartTv","id":3}]]>
              </value>
            </param>
          </params>
          <reporter-output>
          </reporter-output>
        </test-method> <!-- deleteProdcutbyId -->
        <test-method signature="deleteProdcutbyId(org.json.JSONObject)[pri:0, instance:apitestingsuite.ProductAPITesting@717d7587]" started-at="2025-08-27T15:53:25 IST" name="deleteProdcutbyId" data-provider="testData" finished-at="2025-08-27T15:53:25 IST" duration-ms="161" status="PASS">
          <params>
            <param index="0">
              <value>
                <![CDATA[{"amount":45000,"name":"TV","id":4}]]>
              </value>
            </param>
          </params>
          <reporter-output>
          </reporter-output>
        </test-method> <!-- deleteProdcutbyId -->
        <test-method signature="deleteProdcutbyId(org.json.JSONObject)[pri:0, instance:apitestingsuite.ProductAPITesting@717d7587]" started-at="2025-08-27T15:53:25 IST" name="deleteProdcutbyId" data-provider="testData" finished-at="2025-08-27T15:53:25 IST" duration-ms="152" status="PASS">
          <params>
            <param index="0">
              <value>
                <![CDATA[{"amount":3500,"name":"Headphone","id":5}]]>
              </value>
            </param>
          </params>
          <reporter-output>
          </reporter-output>
        </test-method> <!-- deleteProdcutbyId -->
        <test-method signature="updateProduct(org.json.JSONObject)[pri:0, instance:apitestingsuite.ProductAPITesting@717d7587]" started-at="2025-08-27T15:53:25 IST" name="updateProduct" data-provider="testData" finished-at="2025-08-27T15:53:25 IST" duration-ms="134" status="PASS">
          <params>
            <param index="0">
              <value>
                <![CDATA[{"amount":15000,"name":"Mobile","id":1}]]>
              </value>
            </param>
          </params>
          <reporter-output>
          </reporter-output>
        </test-method> <!-- updateProduct -->
        <test-method signature="updateProduct(org.json.JSONObject)[pri:0, instance:apitestingsuite.ProductAPITesting@717d7587]" started-at="2025-08-27T15:53:25 IST" name="updateProduct" data-provider="testData" finished-at="2025-08-27T15:53:25 IST" duration-ms="147" status="PASS">
          <params>
            <param index="0">
              <value>
                <![CDATA[{"amount":60000,"name":"Laptop","id":2}]]>
              </value>
            </param>
          </params>
          <reporter-output>
          </reporter-output>
        </test-method> <!-- updateProduct -->
        <test-method signature="updateProduct(org.json.JSONObject)[pri:0, instance:apitestingsuite.ProductAPITesting@717d7587]" started-at="2025-08-27T15:53:25 IST" name="updateProduct" data-provider="testData" finished-at="2025-08-27T15:53:25 IST" duration-ms="142" status="PASS">
          <params>
            <param index="0">
              <value>
                <![CDATA[{"amount":40000,"name":"SmartTv","id":3}]]>
              </value>
            </param>
          </params>
          <reporter-output>
          </reporter-output>
        </test-method> <!-- updateProduct -->
        <test-method signature="updateProduct(org.json.JSONObject)[pri:0, instance:apitestingsuite.ProductAPITesting@717d7587]" started-at="2025-08-27T15:53:25 IST" name="updateProduct" data-provider="testData" finished-at="2025-08-27T15:53:25 IST" duration-ms="166" status="PASS">
          <params>
            <param index="0">
              <value>
                <![CDATA[{"amount":45000,"name":"TV","id":4}]]>
              </value>
            </param>
          </params>
          <reporter-output>
          </reporter-output>
        </test-method> <!-- updateProduct -->
        <test-method signature="updateProduct(org.json.JSONObject)[pri:0, instance:apitestingsuite.ProductAPITesting@717d7587]" started-at="2025-08-27T15:53:25 IST" name="updateProduct" data-provider="testData" finished-at="2025-08-27T15:53:26 IST" duration-ms="148" status="PASS">
          <params>
            <param index="0">
              <value>
                <![CDATA[{"amount":3500,"name":"Headphone","id":5}]]>
              </value>
            </param>
          </params>
          <reporter-output>
          </reporter-output>
        </test-method> <!-- updateProduct -->
        <test-method signature="viewAllProducts(org.json.JSONObject)[pri:0, instance:apitestingsuite.ProductAPITesting@717d7587]" started-at="2025-08-27T15:53:26 IST" name="viewAllProducts" data-provider="testData" finished-at="2025-08-27T15:53:26 IST" duration-ms="137" status="PASS">
          <params>
            <param index="0">
              <value>
                <![CDATA[{"amount":15000,"name":"Mobile","id":1}]]>
              </value>
            </param>
          </params>
          <reporter-output>
          </reporter-output>
        </test-method> <!-- viewAllProducts -->
        <test-method signature="viewAllProducts(org.json.JSONObject)[pri:0, instance:apitestingsuite.ProductAPITesting@717d7587]" started-at="2025-08-27T15:53:26 IST" name="viewAllProducts" data-provider="testData" finished-at="2025-08-27T15:53:26 IST" duration-ms="144" status="PASS">
          <params>
            <param index="0">
              <value>
                <![CDATA[{"amount":60000,"name":"Laptop","id":2}]]>
              </value>
            </param>
          </params>
          <reporter-output>
          </reporter-output>
        </test-method> <!-- viewAllProducts -->
        <test-method signature="viewAllProducts(org.json.JSONObject)[pri:0, instance:apitestingsuite.ProductAPITesting@717d7587]" started-at="2025-08-27T15:53:26 IST" name="viewAllProducts" data-provider="testData" finished-at="2025-08-27T15:53:26 IST" duration-ms="162" status="PASS">
          <params>
            <param index="0">
              <value>
                <![CDATA[{"amount":40000,"name":"SmartTv","id":3}]]>
              </value>
            </param>
          </params>
          <reporter-output>
          </reporter-output>
        </test-method> <!-- viewAllProducts -->
        <test-method signature="viewAllProducts(org.json.JSONObject)[pri:0, instance:apitestingsuite.ProductAPITesting@717d7587]" started-at="2025-08-27T15:53:26 IST" name="viewAllProducts" data-provider="testData" finished-at="2025-08-27T15:53:26 IST" duration-ms="146" status="PASS">
          <params>
            <param index="0">
              <value>
                <![CDATA[{"amount":45000,"name":"TV","id":4}]]>
              </value>
            </param>
          </params>
          <reporter-output>
          </reporter-output>
        </test-method> <!-- viewAllProducts -->
        <test-method signature="viewAllProducts(org.json.JSONObject)[pri:0, instance:apitestingsuite.ProductAPITesting@717d7587]" started-at="2025-08-27T15:53:26 IST" name="viewAllProducts" data-provider="testData" finished-at="2025-08-27T15:53:26 IST" duration-ms="195" status="PASS">
          <params>
            <param index="0">
              <value>
                <![CDATA[{"amount":3500,"name":"Headphone","id":5}]]>
              </value>
            </param>
          </params>
          <reporter-output>
          </reporter-output>
        </test-method> <!-- viewAllProducts -->
        <test-method signature="viewProductbyId(org.json.JSONObject)[pri:0, instance:apitestingsuite.ProductAPITesting@717d7587]" started-at="2025-08-27T15:53:26 IST" name="viewProductbyId" data-provider="testData" finished-at="2025-08-27T15:53:27 IST" duration-ms="137" status="PASS">
          <params>
            <param index="0">
              <value>
                <![CDATA[{"amount":15000,"name":"Mobile","id":1}]]>
              </value>
            </param>
          </params>
          <reporter-output>
          </reporter-output>
        </test-method> <!-- viewProductbyId -->
        <test-method signature="viewProductbyId(org.json.JSONObject)[pri:0, instance:apitestingsuite.ProductAPITesting@717d7587]" started-at="2025-08-27T15:53:27 IST" name="viewProductbyId" data-provider="testData" finished-at="2025-08-27T15:53:27 IST" duration-ms="156" status="PASS">
          <params>
            <param index="0">
              <value>
                <![CDATA[{"amount":60000,"name":"Laptop","id":2}]]>
              </value>
            </param>
          </params>
          <reporter-output>
          </reporter-output>
        </test-method> <!-- viewProductbyId -->
        <test-method signature="viewProductbyId(org.json.JSONObject)[pri:0, instance:apitestingsuite.ProductAPITesting@717d7587]" started-at="2025-08-27T15:53:27 IST" name="viewProductbyId" data-provider="testData" finished-at="2025-08-27T15:53:27 IST" duration-ms="147" status="PASS">
          <params>
            <param index="0">
              <value>
                <![CDATA[{"amount":40000,"name":"SmartTv","id":3}]]>
              </value>
            </param>
          </params>
          <reporter-output>
          </reporter-output>
        </test-method> <!-- viewProductbyId -->
        <test-method signature="viewProductbyId(org.json.JSONObject)[pri:0, instance:apitestingsuite.ProductAPITesting@717d7587]" started-at="2025-08-27T15:53:27 IST" name="viewProductbyId" data-provider="testData" finished-at="2025-08-27T15:53:27 IST" duration-ms="155" status="PASS">
          <params>
            <param index="0">
              <value>
                <![CDATA[{"amount":45000,"name":"TV","id":4}]]>
              </value>
            </param>
          </params>
          <reporter-output>
          </reporter-output>
        </test-method> <!-- viewProductbyId -->
        <test-method signature="viewProductbyId(org.json.JSONObject)[pri:0, instance:apitestingsuite.ProductAPITesting@717d7587]" started-at="2025-08-27T15:53:27 IST" name="viewProductbyId" data-provider="testData" finished-at="2025-08-27T15:53:27 IST" duration-ms="146" status="PASS">
          <params>
            <param index="0">
              <value>
                <![CDATA[{"amount":3500,"name":"Headphone","id":5}]]>
              </value>
            </param>
          </params>
          <reporter-output>
          </reporter-output>
        </test-method> <!-- viewProductbyId -->
        <test-method signature="viewProductbyName(org.json.JSONObject)[pri:0, instance:apitestingsuite.ProductAPITesting@717d7587]" started-at="2025-08-27T15:53:27 IST" name="viewProductbyName" data-provider="testData" finished-at="2025-08-27T15:53:27 IST" duration-ms="139" status="PASS">
          <params>
            <param index="0">
              <value>
                <![CDATA[{"amount":15000,"name":"Mobile","id":1}]]>
              </value>
            </param>
          </params>
          <reporter-output>
          </reporter-output>
        </test-method> <!-- viewProductbyName -->
        <test-method signature="viewProductbyName(org.json.JSONObject)[pri:0, instance:apitestingsuite.ProductAPITesting@717d7587]" started-at="2025-08-27T15:53:27 IST" name="viewProductbyName" data-provider="testData" finished-at="2025-08-27T15:53:27 IST" duration-ms="174" status="PASS">
          <params>
            <param index="0">
              <value>
                <![CDATA[{"amount":60000,"name":"Laptop","id":2}]]>
              </value>
            </param>
          </params>
          <reporter-output>
          </reporter-output>
        </test-method> <!-- viewProductbyName -->
        <test-method signature="viewProductbyName(org.json.JSONObject)[pri:0, instance:apitestingsuite.ProductAPITesting@717d7587]" started-at="2025-08-27T15:53:27 IST" name="viewProductbyName" data-provider="testData" finished-at="2025-08-27T15:53:28 IST" duration-ms="145" status="PASS">
          <params>
            <param index="0">
              <value>
                <![CDATA[{"amount":40000,"name":"SmartTv","id":3}]]>
              </value>
            </param>
          </params>
          <reporter-output>
          </reporter-output>
        </test-method> <!-- viewProductbyName -->
        <test-method signature="viewProductbyName(org.json.JSONObject)[pri:0, instance:apitestingsuite.ProductAPITesting@717d7587]" started-at="2025-08-27T15:53:28 IST" name="viewProductbyName" data-provider="testData" finished-at="2025-08-27T15:53:28 IST" duration-ms="159" status="PASS">
          <params>
            <param index="0">
              <value>
                <![CDATA[{"amount":45000,"name":"TV","id":4}]]>
              </value>
            </param>
          </params>
          <reporter-output>
          </reporter-output>
        </test-method> <!-- viewProductbyName -->
        <test-method signature="viewProductbyName(org.json.JSONObject)[pri:0, instance:apitestingsuite.ProductAPITesting@717d7587]" started-at="2025-08-27T15:53:28 IST" name="viewProductbyName" data-provider="testData" finished-at="2025-08-27T15:53:28 IST" duration-ms="157" status="PASS">
          <params>
            <param index="0">
              <value>
                <![CDATA[{"amount":3500,"name":"Headphone","id":5}]]>
              </value>
            </param>
          </params>
          <reporter-output>
          </reporter-output>
        </test-method> <!-- viewProductbyName -->
        <test-method is-config="true" signature="tearDownReport()[pri:0, instance:apitestingsuite.ProductAPITesting@717d7587]" started-at="2025-08-27T15:53:28 IST" name="tearDownReport" finished-at="2025-08-27T15:53:28 IST" duration-ms="194" status="PASS">
          <reporter-output>
          </reporter-output>
        </test-method> <!-- tearDownReport -->
      </class> <!-- apitestingsuite.ProductAPITesting -->
    </test> <!-- Surefire test -->
  </suite> <!-- Surefire suite -->
</testng-results>
