<?xml version="1.0" encoding="UTF-8"?>
<testsuite xmlns:xsi="http://www.w3.org/2001/XMLSchema-instance" xsi:noNamespaceSchemaLocation="https://maven.apache.org/surefire/maven-surefire-plugin/xsd/surefire-test-report-3.0.xsd" version="3.0" name="apitestingsuite.ProductAPITesting" time="7.111" tests="30" errors="0" skipped="0" failures="0">
  <properties>
[...]
</properties>
  <testcase name="addProduct[{&quot;amount&quot;:15000,&quot;name&quot;:&quot;Mobile&quot;,&quot;id&quot;:1}](1)" classname="apitestingsuite.ProductAPITesting" time="0.207">
    <system-err><![CDATA[SLF4J: Failed to load class "org.slf4j.impl.StaticLoggerBinder".
SLF4J: Defaulting to no-operation (NOP) logger implementation
SLF4J: See http://www.slf4j.org/codes.html#StaticLoggerBinder for further details.
]]></system-err>
  </testcase>
  <testcase name="addProduct[{&quot;amount&quot;:60000,&quot;name&quot;:&quot;Laptop&quot;,&quot;id&quot;:2}](2)" classname="apitestingsuite.ProductAPITesting" time="0.16"/>
  <testcase name="addProduct[{&quot;amount&quot;:40000,&quot;name&quot;:&quot;SmartTv&quot;,&quot;id&quot;:3}](3)" classname="apitestingsuite.ProductAPITesting" time="0.151"/>
  <testcase name="addProduct[{&quot;amount&quot;:45000,&quot;name&quot;:&quot;TV&quot;,&quot;id&quot;:4}](4)" classname="apitestingsuite.ProductAPITesting" time="0.154"/>
  <testcase name="addProduct[{&quot;amount&quot;:3500,&quot;name&quot;:&quot;Headphone&quot;,&quot;id&quot;:5}](5)" classname="apitestingsuite.ProductAPITesting" time="0.153"/>
  <testcase name="deleteProdcutbyId[{&quot;amount&quot;:15000,&quot;name&quot;:&quot;Mobile&quot;,&quot;id&quot;:1}](1)" classname="apitestingsuite.ProductAPITesting" time="0.155"/>
  <testcase name="deleteProdcutbyId[{&quot;amount&quot;:60000,&quot;name&quot;:&quot;Laptop&quot;,&quot;id&quot;:2}](2)" classname="apitestingsuite.ProductAPITesting" time="0.167"/>
  <testcase name="deleteProdcutbyId[{&quot;amount&quot;:40000,&quot;name&quot;:&quot;SmartTv&quot;,&quot;id&quot;:3}](3)" classname="apitestingsuite.ProductAPITesting" time="0.161"/>
  <testcase name="deleteProdcutbyId[{&quot;amount&quot;:45000,&quot;name&quot;:&quot;TV&quot;,&quot;id&quot;:4}](4)" classname="apitestingsuite.ProductAPITesting" time="0.161"/>
  <testcase name="deleteProdcutbyId[{&quot;amount&quot;:3500,&quot;name&quot;:&quot;Headphone&quot;,&quot;id&quot;:5}](5)" classname="apitestingsuite.ProductAPITesting" time="0.153"/>
  <testcase name="updateProduct[{&quot;amount&quot;:15000,&quot;name&quot;:&quot;Mobile&quot;,&quot;id&quot;:1}](1)" classname="apitestingsuite.ProductAPITesting" time="0.135"/>
  <testcase name="updateProduct[{&quot;amount&quot;:60000,&quot;name&quot;:&quot;Laptop&quot;,&quot;id&quot;:2}](2)" classname="apitestingsuite.ProductAPITesting" time="0.148"/>
  <testcase name="updateProduct[{&quot;amount&quot;:40000,&quot;name&quot;:&quot;SmartTv&quot;,&quot;id&quot;:3}](3)" classname="apitestingsuite.ProductAPITesting" time="0.143"/>
  <testcase name="updateProduct[{&quot;amount&quot;:45000,&quot;name&quot;:&quot;TV&quot;,&quot;id&quot;:4}](4)" classname="apitestingsuite.ProductAPITesting" time="0.165"/>
  <testcase name="updateProduct[{&quot;amount&quot;:3500,&quot;name&quot;:&quot;Headphone&quot;,&quot;id&quot;:5}](5)" classname="apitestingsuite.ProductAPITesting" time="0.148"/>
  <testcase name="viewAllProducts[{&quot;amount&quot;:15000,&quot;name&quot;:&quot;Mobile&quot;,&quot;id&quot;:1}](1)" classname="apitestingsuite.ProductAPITesting" time="0.136"/>
  <testcase name="viewAllProducts[{&quot;amount&quot;:60000,&quot;name&quot;:&quot;Laptop&quot;,&quot;id&quot;:2}](2)" classname="apitestingsuite.ProductAPITesting" time="0.145"/>
  <testcase name="viewAllProducts[{&quot;amount&quot;:40000,&quot;name&quot;:&quot;SmartTv&quot;,&quot;id&quot;:3}](3)" classname="apitestingsuite.ProductAPITesting" time="0.163"/>
  <testcase name="viewAllProducts[{&quot;amount&quot;:45000,&quot;name&quot;:&quot;TV&quot;,&quot;id&quot;:4}](4)" classname="apitestingsuite.ProductAPITesting" time="0.146"/>
  <testcase name="viewAllProducts[{&quot;amount&quot;:3500,&quot;name&quot;:&quot;Headphone&quot;,&quot;id&quot;:5}](5)" classname="apitestingsuite.ProductAPITesting" time="0.194"/>
  <testcase name="viewProductbyId[{&quot;amount&quot;:15000,&quot;name&quot;:&quot;Mobile&quot;,&quot;id&quot;:1}](1)" classname="apitestingsuite.ProductAPITesting" time="0.138"/>
  <testcase name="viewProductbyId[{&quot;amount&quot;:60000,&quot;name&quot;:&quot;Laptop&quot;,&quot;id&quot;:2}](2)" classname="apitestingsuite.ProductAPITesting" time="0.157"/>
  <testcase name="viewProductbyId[{&quot;amount&quot;:40000,&quot;name&quot;:&quot;SmartTv&quot;,&quot;id&quot;:3}](3)" classname="apitestingsuite.ProductAPITesting" time="0.148"/>
  <testcase name="viewProductbyId[{&quot;amount&quot;:45000,&quot;name&quot;:&quot;TV&quot;,&quot;id&quot;:4}](4)" classname="apitestingsuite.ProductAPITesting" time="0.156"/>
  <testcase name="viewProductbyId[{&quot;amount&quot;:3500,&quot;name&quot;:&quot;Headphone&quot;,&quot;id&quot;:5}](5)" classname="apitestingsuite.ProductAPITesting" time="0.147"/>
  <testcase name="viewProductbyName[{&quot;amount&quot;:15000,&quot;name&quot;:&quot;Mobile&quot;,&quot;id&quot;:1}](1)" classname="apitestingsuite.ProductAPITesting" time="0.14"/>
  <testcase name="viewProductbyName[{&quot;amount&quot;:60000,&quot;name&quot;:&quot;Laptop&quot;,&quot;id&quot;:2}](2)" classname="apitestingsuite.ProductAPITesting" time="0.175"/>
  <testcase name="viewProductbyName[{&quot;amount&quot;:40000,&quot;name&quot;:&quot;SmartTv&quot;,&quot;id&quot;:3}](3)" classname="apitestingsuite.ProductAPITesting" time="0.145"/>
  <testcase name="viewProductbyName[{&quot;amount&quot;:45000,&quot;name&quot;:&quot;TV&quot;,&quot;id&quot;:4}](4)" classname="apitestingsuite.ProductAPITesting" time="0.159"/>
  <testcase name="viewProductbyName[{&quot;amount&quot;:3500,&quot;name&quot;:&quot;Headphone&quot;,&quot;id&quot;:5}](5)" classname="apitestingsuite.ProductAPITesting" time="0.157"/>
</testsuite>