<?xml version="1.0" encoding="UTF-8"?>
<testng-results ignored="0" total="30" passed="30" failed="0" skipped="0">
  <reporter-output>
  </reporter-output>
  <suite started-at="2025-08-13T14:37:04 IST" name="Sprint4" finished-at="2025-08-13T14:37:09 IST" duration-ms="4995">
    <groups>
    </groups>
    <test started-at="2025-08-13T14:37:04 IST" name="APITesting" finished-at="2025-08-13T14:37:09 IST" duration-ms="4995">
      <class name="apitestingsuite.ProductAPITesting">
        <test-method is-config="true" signature="setupReport()[pri:0, instance:apitestingsuite.ProductAPITesting@7eb200ce]" started-at="2025-08-13T14:37:04 IST" name="setupReport" finished-at="2025-08-13T14:37:04 IST" duration-ms="119" status="PASS">
          <reporter-output>
          </reporter-output>
        </test-method> <!-- setupReport -->
        <test-method signature="addProduct(org.json.JSONObject)[pri:0, instance:apitestingsuite.ProductAPITesting@7eb200ce]" started-at="2025-08-13T14:37:04 IST" name="addProduct" data-provider="testData" finished-at="2025-08-13T14:37:05 IST" duration-ms="222" status="PASS">
          <params>
            <param index="0">
              <value>
                <![CDATA[{"amount":15000,"name":"Mobile","id":1}]]>
              </value>
            </param>
          </params>
          <reporter-output>
          </reporter-output>
        </test-method> <!-- addProduct -->
        <test-method signature="addProduct(org.json.JSONObject)[pri:0, instance:apitestingsuite.ProductAPITesting@7eb200ce]" started-at="2025-08-13T14:37:05 IST" name="addProduct" data-provider="testData" finished-at="2025-08-13T14:37:05 IST" duration-ms="170" status="PASS">
          <params>
            <param index="0">
              <value>
                <![CDATA[{"amount":60000,"name":"Laptop","id":2}]]>
              </value>
            </param>
          </params>
          <reporter-output>
          </reporter-output>
        </test-method> <!-- addProduct -->
        <test-method signature="addProduct(org.json.JSONObject)[pri:0, instance:apitestingsuite.ProductAPITesting@7eb200ce]" started-at="2025-08-13T14:37:05 IST" name="addProduct" data-provider="testData" finished-at="2025-08-13T14:37:05 IST" duration-ms="159" status="PASS">
          <params>
            <param index="0">
              <value>
                <![CDATA[{"amount":40000,"name":"SmartTv","id":3}]]>
              </value>
            </param>
          </params>
          <reporter-output>
          </reporter-output>
        </test-method> <!-- addProduct -->
        <test-method signature="addProduct(org.json.JSONObject)[pri:0, instance:apitestingsuite.ProductAPITesting@7eb200ce]" started-at="2025-08-13T14:37:05 IST" name="addProduct" data-provider="testData" finished-at="2025-08-13T14:37:05 IST" duration-ms="150" status="PASS">
          <params>
            <param index="0">
              <value>
                <![CDATA[{"amount":45000,"name":"TV","id":4}]]>
              </value>
            </param>
          </params>
          <reporter-output>
          </reporter-output>
        </test-method> <!-- addProduct -->
        <test-method signature="addProduct(org.json.JSONObject)[pri:0, instance:apitestingsuite.ProductAPITesting@7eb200ce]" started-at="2025-08-13T14:37:05 IST" name="addProduct" data-provider="testData" finished-at="2025-08-13T14:37:05 IST" duration-ms="144" status="PASS">
          <params>
            <param index="0">
              <value>
                <![CDATA[{"amount":3500,"name":"Headphone","id":5}]]>
              </value>
            </param>
          </params>
          <reporter-output>
          </reporter-output>
        </test-method> <!-- addProduct -->
        <test-method signature="deleteProdcutbyId(org.json.JSONObject)[pri:0, instance:apitestingsuite.ProductAPITesting@7eb200ce]" started-at="2025-08-13T14:37:05 IST" name="deleteProdcutbyId" data-provider="testData" finished-at="2025-08-13T14:37:05 IST" duration-ms="161" status="PASS">
          <params>
            <param index="0">
              <value>
                <![CDATA[{"amount":15000,"name":"Mobile","id":1}]]>
              </value>
            </param>
          </params>
          <reporter-output>
          </reporter-output>
        </test-method> <!-- deleteProdcutbyId -->
        <test-method signature="deleteProdcutbyId(org.json.JSONObject)[pri:0, instance:apitestingsuite.ProductAPITesting@7eb200ce]" started-at="2025-08-13T14:37:05 IST" name="deleteProdcutbyId" data-provider="testData" finished-at="2025-08-13T14:37:06 IST" duration-ms="147" status="PASS">
          <params>
            <param index="0">
              <value>
                <![CDATA[{"amount":60000,"name":"Laptop","id":2}]]>
              </value>
            </param>
          </params>
          <reporter-output>
          </reporter-output>
        </test-method> <!-- deleteProdcutbyId -->
        <test-method signature="deleteProdcutbyId(org.json.JSONObject)[pri:0, instance:apitestingsuite.ProductAPITesting@7eb200ce]" started-at="2025-08-13T14:37:06 IST" name="deleteProdcutbyId" data-provider="testData" finished-at="2025-08-13T14:37:06 IST" duration-ms="149" status="PASS">
          <params>
            <param index="0">
              <value>
                <![CDATA[{"amount":40000,"name":"SmartTv","id":3}]]>
              </value>
            </param>
          </params>
          <reporter-output>
          </reporter-output>
        </test-method> <!-- deleteProdcutbyId -->
        <test-method signature="deleteProdcutbyId(org.json.JSONObject)[pri:0, instance:apitestingsuite.ProductAPITesting@7eb200ce]" started-at="2025-08-13T14:37:06 IST" name="deleteProdcutbyId" data-provider="testData" finished-at="2025-08-13T14:37:06 IST" duration-ms="153" status="PASS">
          <params>
            <param index="0">
              <value>
                <![CDATA[{"amount":45000,"name":"TV","id":4}]]>
              </value>
            </param>
          </params>
          <reporter-output>
          </reporter-output>
        </test-method> <!-- deleteProdcutbyId -->
        <test-method signature="deleteProdcutbyId(org.json.JSONObject)[pri:0, instance:apitestingsuite.ProductAPITesting@7eb200ce]" started-at="2025-08-13T14:37:06 IST" name="deleteProdcutbyId" data-provider="testData" finished-at="2025-08-13T14:37:06 IST" duration-ms="153" status="PASS">
          <params>
            <param index="0">
              <value>
                <![CDATA[{"amount":3500,"name":"Headphone","id":5}]]>
              </value>
            </param>
          </params>
          <reporter-output>
          </reporter-output>
        </test-method> <!-- deleteProdcutbyId -->
        <test-method signature="updateProduct(org.json.JSONObject)[pri:0, instance:apitestingsuite.ProductAPITesting@7eb200ce]" started-at="2025-08-13T14:37:06 IST" name="updateProduct" data-provider="testData" finished-at="2025-08-13T14:37:06 IST" duration-ms="149" status="PASS">
          <params>
            <param index="0">
              <value>
                <![CDATA[{"amount":15000,"name":"Mobile","id":1}]]>
              </value>
            </param>
          </params>
          <reporter-output>
          </reporter-output>
        </test-method> <!-- updateProduct -->
        <test-method signature="updateProduct(org.json.JSONObject)[pri:0, instance:apitestingsuite.ProductAPITesting@7eb200ce]" started-at="2025-08-13T14:37:06 IST" name="updateProduct" data-provider="testData" finished-at="2025-08-13T14:37:06 IST" duration-ms="152" status="PASS">
          <params>
            <param index="0">
              <value>
                <![CDATA[{"amount":60000,"name":"Laptop","id":2}]]>
              </value>
            </param>
          </params>
          <reporter-output>
          </reporter-output>
        </test-method> <!-- updateProduct -->
        <test-method signature="updateProduct(org.json.JSONObject)[pri:0, instance:apitestingsuite.ProductAPITesting@7eb200ce]" started-at="2025-08-13T14:37:06 IST" name="updateProduct" data-provider="testData" finished-at="2025-08-13T14:37:06 IST" duration-ms="159" status="PASS">
          <params>
            <param index="0">
              <value>
                <![CDATA[{"amount":40000,"name":"SmartTv","id":3}]]>
              </value>
            </param>
          </params>
          <reporter-output>
          </reporter-output>
        </test-method> <!-- updateProduct -->
        <test-method signature="updateProduct(org.json.JSONObject)[pri:0, instance:apitestingsuite.ProductAPITesting@7eb200ce]" started-at="2025-08-13T14:37:06 IST" name="updateProduct" data-provider="testData" finished-at="2025-08-13T14:37:07 IST" duration-ms="158" status="PASS">
          <params>
            <param index="0">
              <value>
                <![CDATA[{"amount":45000,"name":"TV","id":4}]]>
              </value>
            </param>
          </params>
          <reporter-output>
          </reporter-output>
        </test-method> <!-- updateProduct -->
        <test-method signature="updateProduct(org.json.JSONObject)[pri:0, instance:apitestingsuite.ProductAPITesting@7eb200ce]" started-at="2025-08-13T14:37:07 IST" name="updateProduct" data-provider="testData" finished-at="2025-08-13T14:37:07 IST" duration-ms="135" status="PASS">
          <params>
            <param index="0">
              <value>
                <![CDATA[{"amount":3500,"name":"Headphone","id":5}]]>
              </value>
            </param>
          </params>
          <reporter-output>
          </reporter-output>
        </test-method> <!-- updateProduct -->
        <test-method signature="viewAllProducts(org.json.JSONObject)[pri:0, instance:apitestingsuite.ProductAPITesting@7eb200ce]" started-at="2025-08-13T14:37:07 IST" name="viewAllProducts" data-provider="testData" finished-at="2025-08-13T14:37:07 IST" duration-ms="164" status="PASS">
          <params>
            <param index="0">
              <value>
                <![CDATA[{"amount":15000,"name":"Mobile","id":1}]]>
              </value>
            </param>
          </params>
          <reporter-output>
          </reporter-output>
        </test-method> <!-- viewAllProducts -->
        <test-method signature="viewAllProducts(org.json.JSONObject)[pri:0, instance:apitestingsuite.ProductAPITesting@7eb200ce]" started-at="2025-08-13T14:37:07 IST" name="viewAllProducts" data-provider="testData" finished-at="2025-08-13T14:37:07 IST" duration-ms="153" status="PASS">
          <params>
            <param index="0">
              <value>
                <![CDATA[{"amount":60000,"name":"Laptop","id":2}]]>
              </value>
            </param>
          </params>
          <reporter-output>
          </reporter-output>
        </test-method> <!-- viewAllProducts -->
        <test-method signature="viewAllProducts(org.json.JSONObject)[pri:0, instance:apitestingsuite.ProductAPITesting@7eb200ce]" started-at="2025-08-13T14:37:07 IST" name="viewAllProducts" data-provider="testData" finished-at="2025-08-13T14:37:07 IST" duration-ms="149" status="PASS">
          <params>
            <param index="0">
              <value>
                <![CDATA[{"amount":40000,"name":"SmartTv","id":3}]]>
              </value>
            </param>
          </params>
          <reporter-output>
          </reporter-output>
        </test-method> <!-- viewAllProducts -->
        <test-method signature="viewAllProducts(org.json.JSONObject)[pri:0, instance:apitestingsuite.ProductAPITesting@7eb200ce]" started-at="2025-08-13T14:37:07 IST" name="viewAllProducts" data-provider="testData" finished-at="2025-08-13T14:37:07 IST" duration-ms="139" status="PASS">
          <params>
            <param index="0">
              <value>
                <![CDATA[{"amount":45000,"name":"TV","id":4}]]>
              </value>
            </param>
          </params>
          <reporter-output>
          </reporter-output>
        </test-method> <!-- viewAllProducts -->
        <test-method signature="viewAllProducts(org.json.JSONObject)[pri:0, instance:apitestingsuite.ProductAPITesting@7eb200ce]" started-at="2025-08-13T14:37:07 IST" name="viewAllProducts" data-provider="testData" finished-at="2025-08-13T14:37:07 IST" duration-ms="143" status="PASS">
          <params>
            <param index="0">
              <value>
                <![CDATA[{"amount":3500,"name":"Headphone","id":5}]]>
              </value>
            </param>
          </params>
          <reporter-output>
          </reporter-output>
        </test-method> <!-- viewAllProducts -->
        <test-method signature="viewProductbyId(org.json.JSONObject)[pri:0, instance:apitestingsuite.ProductAPITesting@7eb200ce]" started-at="2025-08-13T14:37:07 IST" name="viewProductbyId" data-provider="testData" finished-at="2025-08-13T14:37:08 IST" duration-ms="155" status="PASS">
          <params>
            <param index="0">
              <value>
                <![CDATA[{"amount":15000,"name":"Mobile","id":1}]]>
              </value>
            </param>
          </params>
          <reporter-output>
          </reporter-output>
        </test-method> <!-- viewProductbyId -->
        <test-method signature="viewProductbyId(org.json.JSONObject)[pri:0, instance:apitestingsuite.ProductAPITesting@7eb200ce]" started-at="2025-08-13T14:37:08 IST" name="viewProductbyId" data-provider="testData" finished-at="2025-08-13T14:37:08 IST" duration-ms="152" status="PASS">
          <params>
            <param index="0">
              <value>
                <![CDATA[{"amount":60000,"name":"Laptop","id":2}]]>
              </value>
            </param>
          </params>
          <reporter-output>
          </reporter-output>
        </test-method> <!-- viewProductbyId -->
        <test-method signature="viewProductbyId(org.json.JSONObject)[pri:0, instance:apitestingsuite.ProductAPITesting@7eb200ce]" started-at="2025-08-13T14:37:08 IST" name="viewProductbyId" data-provider="testData" finished-at="2025-08-13T14:37:08 IST" duration-ms="150" status="PASS">
          <params>
            <param index="0">
              <value>
                <![CDATA[{"amount":40000,"name":"SmartTv","id":3}]]>
              </value>
            </param>
          </params>
          <reporter-output>
          </reporter-output>
        </test-method> <!-- viewProductbyId -->
        <test-method signature="viewProductbyId(org.json.JSONObject)[pri:0, instance:apitestingsuite.ProductAPITesting@7eb200ce]" started-at="2025-08-13T14:37:08 IST" name="viewProductbyId" data-provider="testData" finished-at="2025-08-13T14:37:08 IST" duration-ms="142" status="PASS">
          <params>
            <param index="0">
              <value>
                <![CDATA[{"amount":45000,"name":"TV","id":4}]]>
              </value>
            </param>
          </params>
          <reporter-output>
          </reporter-output>
        </test-method> <!-- viewProductbyId -->
        <test-method signature="viewProductbyId(org.json.JSONObject)[pri:0, instance:apitestingsuite.ProductAPITesting@7eb200ce]" started-at="2025-08-13T14:37:08 IST" name="viewProductbyId" data-provider="testData" finished-at="2025-08-13T14:37:08 IST" duration-ms="145" status="PASS">
          <params>
            <param index="0">
              <value>
                <![CDATA[{"amount":3500,"name":"Headphone","id":5}]]>
              </value>
            </param>
          </params>
          <reporter-output>
          </reporter-output>
        </test-method> <!-- viewProductbyId -->
        <test-method signature="viewProductbyName(org.json.JSONObject)[pri:0, instance:apitestingsuite.ProductAPITesting@7eb200ce]" started-at="2025-08-13T14:37:08 IST" name="viewProductbyName" data-provider="testData" finished-at="2025-08-13T14:37:08 IST" duration-ms="156" status="PASS">
          <params>
            <param index="0">
              <value>
                <![CDATA[{"amount":15000,"name":"Mobile","id":1}]]>
              </value>
            </param>
          </params>
          <reporter-output>
          </reporter-output>
        </test-method> <!-- viewProductbyName -->
        <test-method signature="viewProductbyName(org.json.JSONObject)[pri:0, instance:apitestingsuite.ProductAPITesting@7eb200ce]" started-at="2025-08-13T14:37:08 IST" name="viewProductbyName" data-provider="testData" finished-at="2025-08-13T14:37:09 IST" duration-ms="152" status="PASS">
          <params>
            <param index="0">
              <value>
                <![CDATA[{"amount":60000,"name":"Laptop","id":2}]]>
              </value>
            </param>
          </params>
          <reporter-output>
          </reporter-output>
        </test-method> <!-- viewProductbyName -->
        <test-method signature="viewProductbyName(org.json.JSONObject)[pri:0, instance:apitestingsuite.ProductAPITesting@7eb200ce]" started-at="2025-08-13T14:37:09 IST" name="viewProductbyName" data-provider="testData" finished-at="2025-08-13T14:37:09 IST" duration-ms="138" status="PASS">
          <params>
            <param index="0">
              <value>
                <![CDATA[{"amount":40000,"name":"SmartTv","id":3}]]>
              </value>
            </param>
          </params>
          <reporter-output>
          </reporter-output>
        </test-method> <!-- viewProductbyName -->
        <test-method signature="viewProductbyName(org.json.JSONObject)[pri:0, instance:apitestingsuite.ProductAPITesting@7eb200ce]" started-at="2025-08-13T14:37:09 IST" name="viewProductbyName" data-provider="testData" finished-at="2025-08-13T14:37:09 IST" duration-ms="149" status="PASS">
          <params>
            <param index="0">
              <value>
                <![CDATA[{"amount":45000,"name":"TV","id":4}]]>
              </value>
            </param>
          </params>
          <reporter-output>
          </reporter-output>
        </test-method> <!-- viewProductbyName -->
        <test-method signature="viewProductbyName(org.json.JSONObject)[pri:0, instance:apitestingsuite.ProductAPITesting@7eb200ce]" started-at="2025-08-13T14:37:09 IST" name="viewProductbyName" data-provider="testData" finished-at="2025-08-13T14:37:09 IST" duration-ms="137" status="PASS">
          <params>
            <param index="0">
              <value>
                <![CDATA[{"amount":3500,"name":"Headphone","id":5}]]>
              </value>
            </param>
          </params>
          <reporter-output>
          </reporter-output>
        </test-method> <!-- viewProductbyName -->
        <test-method is-config="true" signature="tearDownReport()[pri:0, instance:apitestingsuite.ProductAPITesting@7eb200ce]" started-at="2025-08-13T14:37:09 IST" name="tearDownReport" finished-at="2025-08-13T14:37:09 IST" duration-ms="250" status="PASS">
          <reporter-output>
          </reporter-output>
        </test-method> <!-- tearDownReport -->
      </class> <!-- apitestingsuite.ProductAPITesting -->
    </test> <!-- APITesting -->
  </suite> <!-- Sprint4 -->
</testng-results>
