<?xml version="1.0" encoding="UTF-8"?>
<testng-results ignored="0" total="30" passed="30" failed="0" skipped="0">
  <reporter-output>
  </reporter-output>
  <suite started-at="2025-08-13T14:41:31 IST" name="Default suite" finished-at="2025-08-13T14:41:36 IST" duration-ms="4984">
    <groups>
    </groups>
    <test started-at="2025-08-13T14:41:31 IST" name="Default test" finished-at="2025-08-13T14:41:36 IST" duration-ms="4984">
      <class name="apitestingsuite.ProductAPITesting">
        <test-method is-config="true" signature="setupReport()[pri:0, instance:apitestingsuite.ProductAPITesting@7ec95456]" started-at="2025-08-13T14:41:31 IST" name="setupReport" finished-at="2025-08-13T14:41:32 IST" duration-ms="123" status="PASS">
          <reporter-output>
          </reporter-output>
        </test-method> <!-- setupReport -->
        <test-method signature="addProduct(org.json.JSONObject)[pri:0, instance:apitestingsuite.ProductAPITesting@7ec95456]" started-at="2025-08-13T14:41:32 IST" name="addProduct" data-provider="testData" finished-at="2025-08-13T14:41:32 IST" duration-ms="180" status="PASS">
          <params>
            <param index="0">
              <value>
                <![CDATA[{"amount":15000,"name":"Mobile","id":1}]]>
              </value>
            </param>
          </params>
          <reporter-output>
          </reporter-output>
        </test-method> <!-- addProduct -->
        <test-method signature="addProduct(org.json.JSONObject)[pri:0, instance:apitestingsuite.ProductAPITesting@7ec95456]" started-at="2025-08-13T14:41:32 IST" name="addProduct" data-provider="testData" finished-at="2025-08-13T14:41:32 IST" duration-ms="153" status="PASS">
          <params>
            <param index="0">
              <value>
                <![CDATA[{"amount":60000,"name":"Laptop","id":2}]]>
              </value>
            </param>
          </params>
          <reporter-output>
          </reporter-output>
        </test-method> <!-- addProduct -->
        <test-method signature="addProduct(org.json.JSONObject)[pri:0, instance:apitestingsuite.ProductAPITesting@7ec95456]" started-at="2025-08-13T14:41:32 IST" name="addProduct" data-provider="testData" finished-at="2025-08-13T14:41:32 IST" duration-ms="160" status="PASS">
          <params>
            <param index="0">
              <value>
                <![CDATA[{"amount":40000,"name":"SmartTv","id":3}]]>
              </value>
            </param>
          </params>
          <reporter-output>
          </reporter-output>
        </test-method> <!-- addProduct -->
        <test-method signature="addProduct(org.json.JSONObject)[pri:0, instance:apitestingsuite.ProductAPITesting@7ec95456]" started-at="2025-08-13T14:41:32 IST" name="addProduct" data-provider="testData" finished-at="2025-08-13T14:41:32 IST" duration-ms="146" status="PASS">
          <params>
            <param index="0">
              <value>
                <![CDATA[{"amount":45000,"name":"TV","id":4}]]>
              </value>
            </param>
          </params>
          <reporter-output>
          </reporter-output>
        </test-method> <!-- addProduct -->
        <test-method signature="addProduct(org.json.JSONObject)[pri:0, instance:apitestingsuite.ProductAPITesting@7ec95456]" started-at="2025-08-13T14:41:32 IST" name="addProduct" data-provider="testData" finished-at="2025-08-13T14:41:32 IST" duration-ms="151" status="PASS">
          <params>
            <param index="0">
              <value>
                <![CDATA[{"amount":3500,"name":"Headphone","id":5}]]>
              </value>
            </param>
          </params>
          <reporter-output>
          </reporter-output>
        </test-method> <!-- addProduct -->
        <test-method signature="deleteProdcutbyId(org.json.JSONObject)[pri:0, instance:apitestingsuite.ProductAPITesting@7ec95456]" started-at="2025-08-13T14:41:32 IST" name="deleteProdcutbyId" data-provider="testData" finished-at="2025-08-13T14:41:33 IST" duration-ms="161" status="PASS">
          <params>
            <param index="0">
              <value>
                <![CDATA[{"amount":15000,"name":"Mobile","id":1}]]>
              </value>
            </param>
          </params>
          <reporter-output>
          </reporter-output>
        </test-method> <!-- deleteProdcutbyId -->
        <test-method signature="deleteProdcutbyId(org.json.JSONObject)[pri:0, instance:apitestingsuite.ProductAPITesting@7ec95456]" started-at="2025-08-13T14:41:33 IST" name="deleteProdcutbyId" data-provider="testData" finished-at="2025-08-13T14:41:33 IST" duration-ms="153" status="PASS">
          <params>
            <param index="0">
              <value>
                <![CDATA[{"amount":60000,"name":"Laptop","id":2}]]>
              </value>
            </param>
          </params>
          <reporter-output>
          </reporter-output>
        </test-method> <!-- deleteProdcutbyId -->
        <test-method signature="deleteProdcutbyId(org.json.JSONObject)[pri:0, instance:apitestingsuite.ProductAPITesting@7ec95456]" started-at="2025-08-13T14:41:33 IST" name="deleteProdcutbyId" data-provider="testData" finished-at="2025-08-13T14:41:33 IST" duration-ms="149" status="PASS">
          <params>
            <param index="0">
              <value>
                <![CDATA[{"amount":40000,"name":"SmartTv","id":3}]]>
              </value>
            </param>
          </params>
          <reporter-output>
          </reporter-output>
        </test-method> <!-- deleteProdcutbyId -->
        <test-method signature="deleteProdcutbyId(org.json.JSONObject)[pri:0, instance:apitestingsuite.ProductAPITesting@7ec95456]" started-at="2025-08-13T14:41:33 IST" name="deleteProdcutbyId" data-provider="testData" finished-at="2025-08-13T14:41:33 IST" duration-ms="159" status="PASS">
          <params>
            <param index="0">
              <value>
                <![CDATA[{"amount":45000,"name":"TV","id":4}]]>
              </value>
            </param>
          </params>
          <reporter-output>
          </reporter-output>
        </test-method> <!-- deleteProdcutbyId -->
        <test-method signature="deleteProdcutbyId(org.json.JSONObject)[pri:0, instance:apitestingsuite.ProductAPITesting@7ec95456]" started-at="2025-08-13T14:41:33 IST" name="deleteProdcutbyId" data-provider="testData" finished-at="2025-08-13T14:41:33 IST" duration-ms="157" status="PASS">
          <params>
            <param index="0">
              <value>
                <![CDATA[{"amount":3500,"name":"Headphone","id":5}]]>
              </value>
            </param>
          </params>
          <reporter-output>
          </reporter-output>
        </test-method> <!-- deleteProdcutbyId -->
        <test-method signature="updateProduct(org.json.JSONObject)[pri:0, instance:apitestingsuite.ProductAPITesting@7ec95456]" started-at="2025-08-13T14:41:33 IST" name="updateProduct" data-provider="testData" finished-at="2025-08-13T14:41:33 IST" duration-ms="149" status="PASS">
          <params>
            <param index="0">
              <value>
                <![CDATA[{"amount":15000,"name":"Mobile","id":1}]]>
              </value>
            </param>
          </params>
          <reporter-output>
          </reporter-output>
        </test-method> <!-- updateProduct -->
        <test-method signature="updateProduct(org.json.JSONObject)[pri:0, instance:apitestingsuite.ProductAPITesting@7ec95456]" started-at="2025-08-13T14:41:33 IST" name="updateProduct" data-provider="testData" finished-at="2025-08-13T14:41:33 IST" duration-ms="143" status="PASS">
          <params>
            <param index="0">
              <value>
                <![CDATA[{"amount":60000,"name":"Laptop","id":2}]]>
              </value>
            </param>
          </params>
          <reporter-output>
          </reporter-output>
        </test-method> <!-- updateProduct -->
        <test-method signature="updateProduct(org.json.JSONObject)[pri:0, instance:apitestingsuite.ProductAPITesting@7ec95456]" started-at="2025-08-13T14:41:33 IST" name="updateProduct" data-provider="testData" finished-at="2025-08-13T14:41:34 IST" duration-ms="164" status="PASS">
          <params>
            <param index="0">
              <value>
                <![CDATA[{"amount":40000,"name":"SmartTv","id":3}]]>
              </value>
            </param>
          </params>
          <reporter-output>
          </reporter-output>
        </test-method> <!-- updateProduct -->
        <test-method signature="updateProduct(org.json.JSONObject)[pri:0, instance:apitestingsuite.ProductAPITesting@7ec95456]" started-at="2025-08-13T14:41:34 IST" name="updateProduct" data-provider="testData" finished-at="2025-08-13T14:41:34 IST" duration-ms="162" status="PASS">
          <params>
            <param index="0">
              <value>
                <![CDATA[{"amount":45000,"name":"TV","id":4}]]>
              </value>
            </param>
          </params>
          <reporter-output>
          </reporter-output>
        </test-method> <!-- updateProduct -->
        <test-method signature="updateProduct(org.json.JSONObject)[pri:0, instance:apitestingsuite.ProductAPITesting@7ec95456]" started-at="2025-08-13T14:41:34 IST" name="updateProduct" data-provider="testData" finished-at="2025-08-13T14:41:34 IST" duration-ms="147" status="PASS">
          <params>
            <param index="0">
              <value>
                <![CDATA[{"amount":3500,"name":"Headphone","id":5}]]>
              </value>
            </param>
          </params>
          <reporter-output>
          </reporter-output>
        </test-method> <!-- updateProduct -->
        <test-method signature="viewAllProducts(org.json.JSONObject)[pri:0, instance:apitestingsuite.ProductAPITesting@7ec95456]" started-at="2025-08-13T14:41:34 IST" name="viewAllProducts" data-provider="testData" finished-at="2025-08-13T14:41:34 IST" duration-ms="148" status="PASS">
          <params>
            <param index="0">
              <value>
                <![CDATA[{"amount":15000,"name":"Mobile","id":1}]]>
              </value>
            </param>
          </params>
          <reporter-output>
          </reporter-output>
        </test-method> <!-- viewAllProducts -->
        <test-method signature="viewAllProducts(org.json.JSONObject)[pri:0, instance:apitestingsuite.ProductAPITesting@7ec95456]" started-at="2025-08-13T14:41:34 IST" name="viewAllProducts" data-provider="testData" finished-at="2025-08-13T14:41:34 IST" duration-ms="146" status="PASS">
          <params>
            <param index="0">
              <value>
                <![CDATA[{"amount":60000,"name":"Laptop","id":2}]]>
              </value>
            </param>
          </params>
          <reporter-output>
          </reporter-output>
        </test-method> <!-- viewAllProducts -->
        <test-method signature="viewAllProducts(org.json.JSONObject)[pri:0, instance:apitestingsuite.ProductAPITesting@7ec95456]" started-at="2025-08-13T14:41:34 IST" name="viewAllProducts" data-provider="testData" finished-at="2025-08-13T14:41:34 IST" duration-ms="152" status="PASS">
          <params>
            <param index="0">
              <value>
                <![CDATA[{"amount":40000,"name":"SmartTv","id":3}]]>
              </value>
            </param>
          </params>
          <reporter-output>
          </reporter-output>
        </test-method> <!-- viewAllProducts -->
        <test-method signature="viewAllProducts(org.json.JSONObject)[pri:0, instance:apitestingsuite.ProductAPITesting@7ec95456]" started-at="2025-08-13T14:41:34 IST" name="viewAllProducts" data-provider="testData" finished-at="2025-08-13T14:41:35 IST" duration-ms="142" status="PASS">
          <params>
            <param index="0">
              <value>
                <![CDATA[{"amount":45000,"name":"TV","id":4}]]>
              </value>
            </param>
          </params>
          <reporter-output>
          </reporter-output>
        </test-method> <!-- viewAllProducts -->
        <test-method signature="viewAllProducts(org.json.JSONObject)[pri:0, instance:apitestingsuite.ProductAPITesting@7ec95456]" started-at="2025-08-13T14:41:35 IST" name="viewAllProducts" data-provider="testData" finished-at="2025-08-13T14:41:35 IST" duration-ms="159" status="PASS">
          <params>
            <param index="0">
              <value>
                <![CDATA[{"amount":3500,"name":"Headphone","id":5}]]>
              </value>
            </param>
          </params>
          <reporter-output>
          </reporter-output>
        </test-method> <!-- viewAllProducts -->
        <test-method signature="viewProductbyId(org.json.JSONObject)[pri:0, instance:apitestingsuite.ProductAPITesting@7ec95456]" started-at="2025-08-13T14:41:35 IST" name="viewProductbyId" data-provider="testData" finished-at="2025-08-13T14:41:35 IST" duration-ms="154" status="PASS">
          <params>
            <param index="0">
              <value>
                <![CDATA[{"amount":15000,"name":"Mobile","id":1}]]>
              </value>
            </param>
          </params>
          <reporter-output>
          </reporter-output>
        </test-method> <!-- viewProductbyId -->
        <test-method signature="viewProductbyId(org.json.JSONObject)[pri:0, instance:apitestingsuite.ProductAPITesting@7ec95456]" started-at="2025-08-13T14:41:35 IST" name="viewProductbyId" data-provider="testData" finished-at="2025-08-13T14:41:35 IST" duration-ms="163" status="PASS">
          <params>
            <param index="0">
              <value>
                <![CDATA[{"amount":60000,"name":"Laptop","id":2}]]>
              </value>
            </param>
          </params>
          <reporter-output>
          </reporter-output>
        </test-method> <!-- viewProductbyId -->
        <test-method signature="viewProductbyId(org.json.JSONObject)[pri:0, instance:apitestingsuite.ProductAPITesting@7ec95456]" started-at="2025-08-13T14:41:35 IST" name="viewProductbyId" data-provider="testData" finished-at="2025-08-13T14:41:35 IST" duration-ms="158" status="PASS">
          <params>
            <param index="0">
              <value>
                <![CDATA[{"amount":40000,"name":"SmartTv","id":3}]]>
              </value>
            </param>
          </params>
          <reporter-output>
          </reporter-output>
        </test-method> <!-- viewProductbyId -->
        <test-method signature="viewProductbyId(org.json.JSONObject)[pri:0, instance:apitestingsuite.ProductAPITesting@7ec95456]" started-at="2025-08-13T14:41:35 IST" name="viewProductbyId" data-provider="testData" finished-at="2025-08-13T14:41:35 IST" duration-ms="135" status="PASS">
          <params>
            <param index="0">
              <value>
                <![CDATA[{"amount":45000,"name":"TV","id":4}]]>
              </value>
            </param>
          </params>
          <reporter-output>
          </reporter-output>
        </test-method> <!-- viewProductbyId -->
        <test-method signature="viewProductbyId(org.json.JSONObject)[pri:0, instance:apitestingsuite.ProductAPITesting@7ec95456]" started-at="2025-08-13T14:41:35 IST" name="viewProductbyId" data-provider="testData" finished-at="2025-08-13T14:41:36 IST" duration-ms="165" status="PASS">
          <params>
            <param index="0">
              <value>
                <![CDATA[{"amount":3500,"name":"Headphone","id":5}]]>
              </value>
            </param>
          </params>
          <reporter-output>
          </reporter-output>
        </test-method> <!-- viewProductbyId -->
        <test-method signature="viewProductbyName(org.json.JSONObject)[pri:0, instance:apitestingsuite.ProductAPITesting@7ec95456]" started-at="2025-08-13T14:41:36 IST" name="viewProductbyName" data-provider="testData" finished-at="2025-08-13T14:41:36 IST" duration-ms="154" status="PASS">
          <params>
            <param index="0">
              <value>
                <![CDATA[{"amount":15000,"name":"Mobile","id":1}]]>
              </value>
            </param>
          </params>
          <reporter-output>
          </reporter-output>
        </test-method> <!-- viewProductbyName -->
        <test-method signature="viewProductbyName(org.json.JSONObject)[pri:0, instance:apitestingsuite.ProductAPITesting@7ec95456]" started-at="2025-08-13T14:41:36 IST" name="viewProductbyName" data-provider="testData" finished-at="2025-08-13T14:41:36 IST" duration-ms="142" status="PASS">
          <params>
            <param index="0">
              <value>
                <![CDATA[{"amount":60000,"name":"Laptop","id":2}]]>
              </value>
            </param>
          </params>
          <reporter-output>
          </reporter-output>
        </test-method> <!-- viewProductbyName -->
        <test-method signature="viewProductbyName(org.json.JSONObject)[pri:0, instance:apitestingsuite.ProductAPITesting@7ec95456]" started-at="2025-08-13T14:41:36 IST" name="viewProductbyName" data-provider="testData" finished-at="2025-08-13T14:41:36 IST" duration-ms="161" status="PASS">
          <params>
            <param index="0">
              <value>
                <![CDATA[{"amount":40000,"name":"SmartTv","id":3}]]>
              </value>
            </param>
          </params>
          <reporter-output>
          </reporter-output>
        </test-method> <!-- viewProductbyName -->
        <test-method signature="viewProductbyName(org.json.JSONObject)[pri:0, instance:apitestingsuite.ProductAPITesting@7ec95456]" started-at="2025-08-13T14:41:36 IST" name="viewProductbyName" data-provider="testData" finished-at="2025-08-13T14:41:36 IST" duration-ms="163" status="PASS">
          <params>
            <param index="0">
              <value>
                <![CDATA[{"amount":45000,"name":"TV","id":4}]]>
              </value>
            </param>
          </params>
          <reporter-output>
          </reporter-output>
        </test-method> <!-- viewProductbyName -->
        <test-method signature="viewProductbyName(org.json.JSONObject)[pri:0, instance:apitestingsuite.ProductAPITesting@7ec95456]" started-at="2025-08-13T14:41:36 IST" name="viewProductbyName" data-provider="testData" finished-at="2025-08-13T14:41:36 IST" duration-ms="156" status="PASS">
          <params>
            <param index="0">
              <value>
                <![CDATA[{"amount":3500,"name":"Headphone","id":5}]]>
              </value>
            </param>
          </params>
          <reporter-output>
          </reporter-output>
        </test-method> <!-- viewProductbyName -->
        <test-method is-config="true" signature="tearDownReport()[pri:0, instance:apitestingsuite.ProductAPITesting@7ec95456]" started-at="2025-08-13T14:41:36 IST" name="tearDownReport" finished-at="2025-08-13T14:41:36 IST" duration-ms="169" status="PASS">
          <reporter-output>
          </reporter-output>
        </test-method> <!-- tearDownReport -->
      </class> <!-- apitestingsuite.ProductAPITesting -->
    </test> <!-- Default test -->
  </suite> <!-- Default suite -->
</testng-results>
