<?xml version="1.0" encoding="UTF-8"?>
<!-- Generated by org.testng.reporters.JUnitXMLReporter -->
<testsuite ignored="0" hostname="MSI" failures="0" tests="6" name="APITesting" time="0.938" errors="0" timestamp="2025-08-10T14:40:37 IST">
  <testcase classname="apitestingsuite.APITesting" name="addProduct" time="0.183"/>
  <testcase classname="apitestingsuite.APITesting" name="deleteProdcutbyId" time="0.157"/>
  <testcase classname="apitestingsuite.APITesting" name="updateProduct" time="0.143"/>
  <testcase classname="apitestingsuite.APITesting" name="viewAllProducts" time="0.134"/>
  <testcase classname="apitestingsuite.APITesting" name="viewProductbyId" time="0.154"/>
  <testcase classname="apitestingsuite.APITesting" name="viewProductbyName" time="0.144"/>
</testsuite> <!-- APITesting -->
