<?xml version="1.0" encoding="UTF-8"?>
<!-- Generated by org.testng.reporters.JUnitXMLReporter -->
<testsuite ignored="0" hostname="MSI" failures="0" tests="30" name="APITesting" time="5.009" errors="0" timestamp="2025-08-13T14:26:19 IST">
  <testcase classname="apitestingsuite.ProductAPITesting" name="addProduct" time="0.191"/>
  <testcase classname="apitestingsuite.ProductAPITesting" name="addProduct" time="0.147"/>
  <testcase classname="apitestingsuite.ProductAPITesting" name="addProduct" time="0.156"/>
  <testcase classname="apitestingsuite.ProductAPITesting" name="addProduct" time="0.143"/>
  <testcase classname="apitestingsuite.ProductAPITesting" name="addProduct" time="0.149"/>
  <testcase classname="apitestingsuite.ProductAPITesting" name="deleteProdcutbyId" time="0.156"/>
  <testcase classname="apitestingsuite.ProductAPITesting" name="deleteProdcutbyId" time="0.136"/>
  <testcase classname="apitestingsuite.ProductAPITesting" name="deleteProdcutbyId" time="0.174"/>
  <testcase classname="apitestingsuite.ProductAPITesting" name="deleteProdcutbyId" time="0.142"/>
  <testcase classname="apitestingsuite.ProductAPITesting" name="deleteProdcutbyId" time="0.171"/>
  <testcase classname="apitestingsuite.ProductAPITesting" name="updateProduct" time="0.166"/>
  <testcase classname="apitestingsuite.ProductAPITesting" name="updateProduct" time="0.154"/>
  <testcase classname="apitestingsuite.ProductAPITesting" name="updateProduct" time="0.169"/>
  <testcase classname="apitestingsuite.ProductAPITesting" name="updateProduct" time="0.154"/>
  <testcase classname="apitestingsuite.ProductAPITesting" name="updateProduct" time="0.136"/>
  <testcase classname="apitestingsuite.ProductAPITesting" name="viewAllProducts" time="0.15"/>
  <testcase classname="apitestingsuite.ProductAPITesting" name="viewAllProducts" time="0.144"/>
  <testcase classname="apitestingsuite.ProductAPITesting" name="viewAllProducts" time="0.16"/>
  <testcase classname="apitestingsuite.ProductAPITesting" name="viewAllProducts" time="0.143"/>
  <testcase classname="apitestingsuite.ProductAPITesting" name="viewAllProducts" time="0.163"/>
  <testcase classname="apitestingsuite.ProductAPITesting" name="viewProductbyId" time="0.154"/>
  <testcase classname="apitestingsuite.ProductAPITesting" name="viewProductbyId" time="0.153"/>
  <testcase classname="apitestingsuite.ProductAPITesting" name="viewProductbyId" time="0.186"/>
  <testcase classname="apitestingsuite.ProductAPITesting" name="viewProductbyId" time="0.163"/>
  <testcase classname="apitestingsuite.ProductAPITesting" name="viewProductbyId" time="0.137"/>
  <testcase classname="apitestingsuite.ProductAPITesting" name="viewProductbyName" time="0.156"/>
  <testcase classname="apitestingsuite.ProductAPITesting" name="viewProductbyName" time="0.149"/>
  <testcase classname="apitestingsuite.ProductAPITesting" name="viewProductbyName" time="0.149"/>
  <testcase classname="apitestingsuite.ProductAPITesting" name="viewProductbyName" time="0.151"/>
  <testcase classname="apitestingsuite.ProductAPITesting" name="viewProductbyName" time="0.158"/>
</testsuite> <!-- APITesting -->
